<?xml version="1.0" encoding="UTF-8"?>
<robot generator="Robot 7.2.2 (Python 3.13.3 on win32)" generated="2025-09-01T13:08:06.565024" rpa="false" schemaversion="5">
<suite id="s1" name="Login Test" source="C:\Users\user\Documents\orange\robot-orangehrm\qa-orangehrm-automation-fernando\tests\login_test.robot">
<test id="s1-t1" name="Logout From OrangeHRM" line="32">
<kw name="Login With Valid Credentials" owner="LoginPage">
<kw name="Open OrangeHRM" owner="Browser">
<kw name="New Browser" owner="Browser">
<msg time="2025-09-01T13:08:06.775095" level="INFO">{"browser": "chromium", "headless": true, "chromiumSandbox": false, "devtools": false, "handleSIGHUP": true, "handleSIGINT": true, "handleSIGTERM": true, "slowMo": 0.0, "timeout": 30000.0, "tracesDir": "C:\\Users\\user\\Documents\\orange\\robot-orangehrm\\qa-orangehrm-automation-fernando\\browser\\traces\\temp\\fba37372-33d0-4f56-a35e-5c8b0afc179d"}</msg>
<msg time="2025-09-01T13:08:06.826210" level="INFO">Starting Browser process C:\Users\user\AppData\Local\Programs\Python\Python313\Lib\site-packages\Browser\wrapper\index.js using at 127.0.0.1:59169</msg>
<msg time="2025-09-01T13:08:08.173654" level="INFO">Successfully created browser with options: {"browser":"chromium","headless":true,"chromiumSandbox":false,"devtools":false,"handleSIGHUP":true,"handleSIGINT":true,"handleSIGTERM":true,"slowMo":0,"timeout":30000,"tracesDir":"C:\\Users\\user\\Documents\\orange\\robot-orangehrm\\qa-orangehrm-automation-fernando\\browser\\traces\\temp\\fba37372-33d0-4f56-a35e-5c8b0afc179d"}</msg>
<arg>chromium</arg>
<arg>headless=${true}</arg>
<tag>BrowserControl</tag>
<tag>Setter</tag>
<doc>Create a new playwright Browser with specified options.</doc>
<status status="PASS" start="2025-09-01T13:08:06.773910" elapsed="1.400043"/>
</kw>
<kw name="New Context" owner="Browser">
<msg time="2025-09-01T13:08:08.176987" level="INFO">{
  "acceptDownloads": true,
  "bypassCSP": false,
  "forcedColors": "none",
  "ignoreHTTPSErrors": false,
  "javaScriptEnabled": true,
  "offline": false,
  "reducedMotion": "no-preference",
  "serviceWorkers": "allow",
  "viewport": {
    "height": 720,
    "width": 1280
  }
}</msg>
<msg time="2025-09-01T13:08:08.203130" level="INFO">Successfully created context. </msg>
<msg time="2025-09-01T13:08:08.203339" level="INFO">{'acceptDownloads': True, 'bypassCSP': False, 'forcedColors': 'none', 'ignoreHTTPSErrors': False, 'javaScriptEnabled': True, 'offline': False, 'reducedMotion': 'no-preference', 'serviceWorkers': 'allow', 'viewport': {'height': 720, 'width': 1280}}</msg>
<tag>BrowserControl</tag>
<tag>Setter</tag>
<doc>Create a new BrowserContext with specified options.</doc>
<status status="PASS" start="2025-09-01T13:08:08.174399" elapsed="0.029090"/>
</kw>
<kw name="New Page" owner="Browser">
<msg time="2025-09-01T13:08:13.595944" level="INFO">Successfully initialized new page object and opened url: https://opensource-demo.orangehrmlive.com</msg>
<arg>${URL}</arg>
<tag>BrowserControl</tag>
<tag>Setter</tag>
<doc>Open a new Page.</doc>
<status status="PASS" start="2025-09-01T13:08:08.203875" elapsed="5.392272"/>
</kw>
<kw name="Set Browser Timeout" owner="Browser">
<arg>10s</arg>
<tag>Config</tag>
<tag>Setter</tag>
<doc>Sets the timeout used by most input and getter keywords.</doc>
<status status="PASS" start="2025-09-01T13:08:13.596303" elapsed="0.000521"/>
</kw>
<status status="PASS" start="2025-09-01T13:08:06.773148" elapsed="6.823761"/>
</kw>
<kw name="Fill Text" owner="Browser">
<msg time="2025-09-01T13:08:13.597383" level="INFO">Fills the text 'admin' in the given field.</msg>
<arg>input[name="username"]</arg>
<arg>${USERNAME}</arg>
<tag>PageContent</tag>
<tag>Setter</tag>
<doc>Clears and fills the given ``txt`` into the text field found by ``selector``.</doc>
<status status="PASS" start="2025-09-01T13:08:13.597009" elapsed="0.345356"/>
</kw>
<kw name="Fill Text" owner="Browser">
<msg time="2025-09-01T13:08:13.943047" level="INFO">Fills the text 'admin123' in the given field.</msg>
<arg>input[name="password"]</arg>
<arg>${PASSWORD}</arg>
<tag>PageContent</tag>
<tag>Setter</tag>
<doc>Clears and fills the given ``txt`` into the text field found by ``selector``.</doc>
<status status="PASS" start="2025-09-01T13:08:13.942547" elapsed="0.015362"/>
</kw>
<kw name="Click" owner="Browser">
<msg time="2025-09-01T13:08:13.958570" level="INFO">Clicks the element 'button[type="submit"]'.</msg>
<arg>button[type="submit"]</arg>
<tag>PageContent</tag>
<tag>Setter</tag>
<doc>Simulates mouse click on the element found by ``selector``.</doc>
<status status="PASS" start="2025-09-01T13:08:13.958104" elapsed="1.253147"/>
</kw>
<kw name="Wait For Elements State" owner="Browser">
<msg time="2025-09-01T13:08:15.589366" level="INFO">Waited for Element with selector h6:has-text("Dashboard") at state visible</msg>
<arg>h6:has-text("Dashboard")</arg>
<arg>visible</arg>
<tag>PageContent</tag>
<tag>Wait</tag>
<doc>Waits for the element found by ``selector`` to satisfy state option.</doc>
<status status="PASS" start="2025-09-01T13:08:15.211458" elapsed="0.378093"/>
</kw>
<status status="PASS" start="2025-09-01T13:08:06.772714" elapsed="8.816951"/>
</kw>
<kw name="Click" owner="Browser">
<msg time="2025-09-01T13:08:15.590624" level="INFO">Clicks the element 'xpath=//p[@class="oxd-userdropdown-name"]'.</msg>
<arg>xpath=//p[@class="oxd-userdropdown-name"]</arg>
<tag>PageContent</tag>
<tag>Setter</tag>
<doc>Simulates mouse click on the element found by ``selector``.</doc>
<status status="PASS" start="2025-09-01T13:08:15.590004" elapsed="0.051797"/>
</kw>
<kw name="Click" owner="Browser">
<msg time="2025-09-01T13:08:15.642680" level="INFO">Clicks the element 'text=Logout'.</msg>
<arg>text=Logout</arg>
<tag>PageContent</tag>
<tag>Setter</tag>
<doc>Simulates mouse click on the element found by ``selector``.</doc>
<status status="PASS" start="2025-09-01T13:08:15.642164" elapsed="0.951772"/>
</kw>
<kw name="Wait For Elements State" owner="Browser">
<msg time="2025-09-01T13:08:16.883764" level="INFO">Waited for Element with selector input[name="username"] at state visible</msg>
<arg>input[name="username"]</arg>
<arg>visible</arg>
<tag>PageContent</tag>
<tag>Wait</tag>
<doc>Waits for the element found by ``selector`` to satisfy state option.</doc>
<status status="PASS" start="2025-09-01T13:08:16.594336" elapsed="0.289591"/>
</kw>
<msg time="2025-09-01T13:08:16.899925" level="INFO">Switching context to context=c2d9d33e-0527-45a6-ae64-9b5c051e283c in CURRENT</msg>
<msg time="2025-09-01T13:08:16.910769" level="INFO">Successfully changed active context: context=c2d9d33e-0527-45a6-ae64-9b5c051e283c</msg>
<msg time="2025-09-01T13:08:16.921097" level="INFO">Successfully closed Context</msg>
<doc>Realiza logout do sistema</doc>
<status status="PASS" start="2025-09-01T13:08:06.771868" elapsed="10.112583"/>
</test>
<status status="PASS" start="2025-09-01T13:08:06.567080" elapsed="10.355395"/>
</suite>
<statistics>
<total>
<stat pass="1" fail="0" skip="0">All Tests</stat>
</total>
<tag>
</tag>
<suite>
<stat name="Login Test" id="s1" pass="1" fail="0" skip="0">Login Test</stat>
</suite>
</statistics>
<errors>
</errors>
</robot>
