<?xml version="1.0" encoding="UTF-8"?>
<robot generator="Robot 7.2.2 (Python 3.13.3 on win32)" generated="2025-09-01T12:51:24.112912" rpa="false" schemaversion="5">
<suite id="s1" name="Tests" source="C:\Users\user\Documents\orange\robot-orangehrm\qa-orangehrm-automation-fernando\tests">
<suite id="s1-s1" name="Add Employee Test" source="C:\Users\user\Documents\orange\robot-orangehrm\qa-orangehrm-automation-fernando\tests\add_employee_test.robot">
<test id="s1-s1-t1" name="Add New Employee" line="7">
<kw name="Login With Valid Credentials" owner="LoginPage">
<kw name="Open OrangeHRM" owner="Browser">
<kw name="New Browser" owner="Browser">
<msg time="2025-09-01T12:51:24.344787" level="INFO">{"browser": "chromium", "headless": true, "chromiumSandbox": false, "devtools": false, "handleSIGHUP": true, "handleSIGINT": true, "handleSIGTERM": true, "slowMo": 0.0, "timeout": 30000.0, "tracesDir": "C:\\Users\\user\\Documents\\orange\\robot-orangehrm\\qa-orangehrm-automation-fernando\\results\\browser\\traces\\temp\\dfe86ee9-3d91-4031-bf8c-006ae9563fa7"}</msg>
<msg time="2025-09-01T12:51:24.392464" level="INFO">Starting Browser process C:\Users\user\AppData\Local\Programs\Python\Python313\Lib\site-packages\Browser\wrapper\index.js using at 127.0.0.1:55502</msg>
<msg time="2025-09-01T12:51:25.691691" level="INFO">Successfully created browser with options: {"browser":"chromium","headless":true,"chromiumSandbox":false,"devtools":false,"handleSIGHUP":true,"handleSIGINT":true,"handleSIGTERM":true,"slowMo":0,"timeout":30000,"tracesDir":"C:\\Users\\user\\Documents\\orange\\robot-orangehrm\\qa-orangehrm-automation-fernando\\results\\browser\\traces\\temp\\dfe86ee9-3d91-4031-bf8c-006ae9563fa7"}</msg>
<arg>chromium</arg>
<arg>headless=${true}</arg>
<tag>BrowserControl</tag>
<tag>Setter</tag>
<doc>Create a new playwright Browser with specified options.</doc>
<status status="PASS" start="2025-09-01T12:51:24.344027" elapsed="1.347982"/>
</kw>
<kw name="New Context" owner="Browser">
<msg time="2025-09-01T12:51:25.695089" level="INFO">{
  "acceptDownloads": true,
  "bypassCSP": false,
  "forcedColors": "none",
  "ignoreHTTPSErrors": false,
  "javaScriptEnabled": true,
  "offline": false,
  "reducedMotion": "no-preference",
  "serviceWorkers": "allow",
  "viewport": {
    "width": 1280,
    "height": 720
  }
}</msg>
<msg time="2025-09-01T12:51:25.718433" level="INFO">Successfully created context. </msg>
<msg time="2025-09-01T12:51:25.718566" level="INFO">{'acceptDownloads': True, 'bypassCSP': False, 'forcedColors': 'none', 'ignoreHTTPSErrors': False, 'javaScriptEnabled': True, 'offline': False, 'reducedMotion': 'no-preference', 'serviceWorkers': 'allow', 'viewport': {'width': 1280, 'height': 720}}</msg>
<tag>BrowserControl</tag>
<tag>Setter</tag>
<doc>Create a new BrowserContext with specified options.</doc>
<status status="PASS" start="2025-09-01T12:51:25.692493" elapsed="0.026238"/>
</kw>
<kw name="New Page" owner="Browser">
<msg time="2025-09-01T12:51:31.434724" level="INFO">Successfully initialized new page object and opened url: https://opensource-demo.orangehrmlive.com</msg>
<arg>${URL}</arg>
<tag>BrowserControl</tag>
<tag>Setter</tag>
<doc>Open a new Page.</doc>
<status status="PASS" start="2025-09-01T12:51:25.719094" elapsed="5.715847"/>
</kw>
<kw name="Set Browser Timeout" owner="Browser">
<arg>10s</arg>
<tag>Config</tag>
<tag>Setter</tag>
<doc>Sets the timeout used by most input and getter keywords.</doc>
<status status="PASS" start="2025-09-01T12:51:31.435193" elapsed="0.000635"/>
</kw>
<status status="PASS" start="2025-09-01T12:51:24.343416" elapsed="7.092499"/>
</kw>
<kw name="Fill Text" owner="Browser">
<msg time="2025-09-01T12:51:31.436416" level="INFO">Fills the text 'admin' in the given field.</msg>
<arg>input[name="username"]</arg>
<arg>${USERNAME}</arg>
<tag>PageContent</tag>
<tag>Setter</tag>
<doc>Clears and fills the given ``txt`` into the text field found by ``selector``.</doc>
<status status="PASS" start="2025-09-01T12:51:31.436019" elapsed="0.391941"/>
</kw>
<kw name="Fill Text" owner="Browser">
<msg time="2025-09-01T12:51:31.828700" level="INFO">Fills the text 'admin123' in the given field.</msg>
<arg>input[name="password"]</arg>
<arg>${PASSWORD}</arg>
<tag>PageContent</tag>
<tag>Setter</tag>
<doc>Clears and fills the given ``txt`` into the text field found by ``selector``.</doc>
<status status="PASS" start="2025-09-01T12:51:31.828162" elapsed="0.013261"/>
</kw>
<kw name="Click" owner="Browser">
<msg time="2025-09-01T12:51:31.842105" level="INFO">Clicks the element 'button[type="submit"]'.</msg>
<arg>button[type="submit"]</arg>
<tag>PageContent</tag>
<tag>Setter</tag>
<doc>Simulates mouse click on the element found by ``selector``.</doc>
<status status="PASS" start="2025-09-01T12:51:31.841618" elapsed="1.250034"/>
</kw>
<kw name="Wait For Elements State" owner="Browser">
<msg time="2025-09-01T12:51:33.468428" level="INFO">Waited for Element with selector h6:has-text("Dashboard") at state visible</msg>
<arg>h6:has-text("Dashboard")</arg>
<arg>visible</arg>
<tag>PageContent</tag>
<tag>Wait</tag>
<doc>Waits for the element found by ``selector`` to satisfy state option.</doc>
<status status="PASS" start="2025-09-01T12:51:33.091889" elapsed="0.376715"/>
</kw>
<status status="PASS" start="2025-09-01T12:51:24.342940" elapsed="9.125840"/>
</kw>
<kw name="Go To PIM" owner="PIMPage">
<kw name="Click" owner="Browser">
<msg time="2025-09-01T12:51:33.470667" level="INFO">Clicks the element 'text=PIM'.</msg>
<arg>text=PIM</arg>
<tag>PageContent</tag>
<tag>Setter</tag>
<doc>Simulates mouse click on the element found by ``selector``.</doc>
<status status="PASS" start="2025-09-01T12:51:33.469998" elapsed="0.901657"/>
</kw>
<kw name="Wait For Elements State" owner="Browser">
<msg time="2025-09-01T12:51:34.740673" level="INFO">Waited for Element with selector text=Employee Information at state visible</msg>
<arg>text=Employee Information</arg>
<arg>visible</arg>
<tag>PageContent</tag>
<tag>Wait</tag>
<doc>Waits for the element found by ``selector`` to satisfy state option.</doc>
<status status="PASS" start="2025-09-01T12:51:34.371879" elapsed="0.368988"/>
</kw>
<status status="PASS" start="2025-09-01T12:51:33.469325" elapsed="1.271658"/>
</kw>
<kw name="Add Employee" owner="PIMPage">
<kw name="Click" owner="Browser">
<msg time="2025-09-01T12:51:34.742327" level="INFO">Clicks the element 'text=Add Employee'.</msg>
<arg>text=Add Employee</arg>
<tag>PageContent</tag>
<tag>Setter</tag>
<doc>Simulates mouse click on the element found by ``selector``.</doc>
<status status="PASS" start="2025-09-01T12:51:34.741911" elapsed="0.432918"/>
</kw>
<kw name="Fill Text" owner="Browser">
<msg time="2025-09-01T12:51:35.175558" level="INFO">Fills the text 'John' in the given field.</msg>
<arg>input[name="firstName"]</arg>
<arg>John</arg>
<tag>PageContent</tag>
<tag>Setter</tag>
<doc>Clears and fills the given ``txt`` into the text field found by ``selector``.</doc>
<status status="PASS" start="2025-09-01T12:51:35.175006" elapsed="0.354757"/>
</kw>
<kw name="Fill Text" owner="Browser">
<msg time="2025-09-01T12:51:35.530386" level="INFO">Fills the text 'Doe' in the given field.</msg>
<arg>input[name="lastName"]</arg>
<arg>Doe</arg>
<tag>PageContent</tag>
<tag>Setter</tag>
<doc>Clears and fills the given ``txt`` into the text field found by ``selector``.</doc>
<status status="PASS" start="2025-09-01T12:51:35.529944" elapsed="0.015462"/>
</kw>
<kw name="Click" owner="Browser">
<msg time="2025-09-01T12:51:35.546013" level="INFO">Clicks the element 'button:has-text("Save")'.</msg>
<arg>button:has-text("Save")</arg>
<tag>PageContent</tag>
<tag>Setter</tag>
<doc>Simulates mouse click on the element found by ``selector``.</doc>
<status status="PASS" start="2025-09-01T12:51:35.545581" elapsed="0.270380"/>
</kw>
<kw name="Wait For Elements State" owner="Browser">
<msg time="2025-09-01T12:51:40.262691" level="INFO">Waited for Element with selector h6:has-text("Personal Details") at state visible</msg>
<arg>h6:has-text("Personal Details")</arg>
<arg>visible</arg>
<tag>PageContent</tag>
<tag>Wait</tag>
<doc>Waits for the element found by ``selector`` to satisfy state option.</doc>
<status status="PASS" start="2025-09-01T12:51:35.816248" elapsed="4.446641"/>
</kw>
<status status="PASS" start="2025-09-01T12:51:34.741548" elapsed="5.521785"/>
</kw>
<kw name="Close OrangeHRM" owner="Browser" type="TEARDOWN">
<kw name="Close Browser" owner="Browser">
<msg time="2025-09-01T12:51:40.349805" level="INFO">Closed browser</msg>
<tag>BrowserControl</tag>
<tag>Setter</tag>
<doc>Closes the current browser.</doc>
<status status="PASS" start="2025-09-01T12:51:40.264577" elapsed="0.085371"/>
</kw>
<status status="PASS" start="2025-09-01T12:51:40.264002" elapsed="0.086038"/>
</kw>
<status status="PASS" start="2025-09-01T12:51:24.342031" elapsed="16.008297"/>
</test>
<status status="PASS" start="2025-09-01T12:51:24.144866" elapsed="16.209870"/>
</suite>
<suite id="s1-s2" name="Login Test" source="C:\Users\user\Documents\orange\robot-orangehrm\qa-orangehrm-automation-fernando\tests\login_test.robot">
<test id="s1-s2-t1" name="Login Successfully" line="9">
<kw name="Login With Valid Credentials" owner="LoginPage">
<kw name="Open OrangeHRM" owner="Browser">
<kw name="New Browser" owner="Browser">
<msg time="2025-09-01T12:51:40.404811" level="INFO">{"browser": "chromium", "headless": true, "chromiumSandbox": false, "devtools": false, "handleSIGHUP": true, "handleSIGINT": true, "handleSIGTERM": true, "slowMo": 0.0, "timeout": 30000.0, "tracesDir": "C:\\Users\\user\\Documents\\orange\\robot-orangehrm\\qa-orangehrm-automation-fernando\\results\\browser\\traces\\temp\\0d5d66b7-37c9-4ad1-bcb8-3e32715b4391"}</msg>
<msg time="2025-09-01T12:51:40.541448" level="INFO">Successfully created browser with options: {"browser":"chromium","headless":true,"chromiumSandbox":false,"devtools":false,"handleSIGHUP":true,"handleSIGINT":true,"handleSIGTERM":true,"slowMo":0,"timeout":30000,"tracesDir":"C:\\Users\\user\\Documents\\orange\\robot-orangehrm\\qa-orangehrm-automation-fernando\\results\\browser\\traces\\temp\\0d5d66b7-37c9-4ad1-bcb8-3e32715b4391"}</msg>
<arg>chromium</arg>
<arg>headless=${true}</arg>
<tag>BrowserControl</tag>
<tag>Setter</tag>
<doc>Create a new playwright Browser with specified options.</doc>
<status status="PASS" start="2025-09-01T12:51:40.404168" elapsed="0.137592"/>
</kw>
<kw name="New Context" owner="Browser">
<msg time="2025-09-01T12:51:40.544457" level="INFO">{
  "acceptDownloads": true,
  "bypassCSP": false,
  "forcedColors": "none",
  "ignoreHTTPSErrors": false,
  "javaScriptEnabled": true,
  "offline": false,
  "reducedMotion": "no-preference",
  "serviceWorkers": "allow",
  "viewport": {
    "width": 1280,
    "height": 720
  }
}</msg>
<msg time="2025-09-01T12:51:40.554383" level="INFO">Successfully created context. </msg>
<msg time="2025-09-01T12:51:40.554505" level="INFO">{'acceptDownloads': True, 'bypassCSP': False, 'forcedColors': 'none', 'ignoreHTTPSErrors': False, 'javaScriptEnabled': True, 'offline': False, 'reducedMotion': 'no-preference', 'serviceWorkers': 'allow', 'viewport': {'width': 1280, 'height': 720}}</msg>
<tag>BrowserControl</tag>
<tag>Setter</tag>
<doc>Create a new BrowserContext with specified options.</doc>
<status status="PASS" start="2025-09-01T12:51:40.542088" elapsed="0.012584"/>
</kw>
<kw name="New Page" owner="Browser">
<msg time="2025-09-01T12:51:43.069986" level="INFO">Successfully initialized new page object and opened url: https://opensource-demo.orangehrmlive.com</msg>
<arg>${URL}</arg>
<tag>BrowserControl</tag>
<tag>Setter</tag>
<doc>Open a new Page.</doc>
<status status="PASS" start="2025-09-01T12:51:40.555016" elapsed="2.515158"/>
</kw>
<kw name="Set Browser Timeout" owner="Browser">
<arg>10s</arg>
<tag>Config</tag>
<tag>Setter</tag>
<doc>Sets the timeout used by most input and getter keywords.</doc>
<status status="PASS" start="2025-09-01T12:51:43.070341" elapsed="0.000525"/>
</kw>
<status status="PASS" start="2025-09-01T12:51:40.403918" elapsed="2.667024"/>
</kw>
<kw name="Fill Text" owner="Browser">
<msg time="2025-09-01T12:51:43.071401" level="INFO">Fills the text 'admin' in the given field.</msg>
<arg>input[name="username"]</arg>
<arg>${USERNAME}</arg>
<tag>PageContent</tag>
<tag>Setter</tag>
<doc>Clears and fills the given ``txt`` into the text field found by ``selector``.</doc>
<status status="PASS" start="2025-09-01T12:51:43.071051" elapsed="0.358620"/>
</kw>
<kw name="Fill Text" owner="Browser">
<msg time="2025-09-01T12:51:43.430319" level="INFO">Fills the text 'admin123' in the given field.</msg>
<arg>input[name="password"]</arg>
<arg>${PASSWORD}</arg>
<tag>PageContent</tag>
<tag>Setter</tag>
<doc>Clears and fills the given ``txt`` into the text field found by ``selector``.</doc>
<status status="PASS" start="2025-09-01T12:51:43.429848" elapsed="0.016314"/>
</kw>
<kw name="Click" owner="Browser">
<msg time="2025-09-01T12:51:43.446816" level="INFO">Clicks the element 'button[type="submit"]'.</msg>
<arg>button[type="submit"]</arg>
<tag>PageContent</tag>
<tag>Setter</tag>
<doc>Simulates mouse click on the element found by ``selector``.</doc>
<status status="PASS" start="2025-09-01T12:51:43.446355" elapsed="1.352656"/>
</kw>
<kw name="Wait For Elements State" owner="Browser">
<msg time="2025-09-01T12:51:45.178734" level="INFO">Waited for Element with selector h6:has-text("Dashboard") at state visible</msg>
<arg>h6:has-text("Dashboard")</arg>
<arg>visible</arg>
<tag>PageContent</tag>
<tag>Wait</tag>
<doc>Waits for the element found by ``selector`` to satisfy state option.</doc>
<status status="PASS" start="2025-09-01T12:51:44.799206" elapsed="0.379670"/>
</kw>
<status status="PASS" start="2025-09-01T12:51:40.403546" elapsed="4.775426"/>
</kw>
<kw name="Close OrangeHRM" owner="Browser" type="TEARDOWN">
<kw name="Close Browser" owner="Browser">
<msg time="2025-09-01T12:51:45.253533" level="INFO">Closed browser</msg>
<tag>BrowserControl</tag>
<tag>Setter</tag>
<doc>Closes the current browser.</doc>
<status status="PASS" start="2025-09-01T12:51:45.180204" elapsed="0.073488"/>
</kw>
<status status="PASS" start="2025-09-01T12:51:45.179634" elapsed="0.074155"/>
</kw>
<doc>Testa login com credenciais válidas</doc>
<status status="PASS" start="2025-09-01T12:51:40.401401" elapsed="4.852579"/>
</test>
<test id="s1-s2-t2" name="Login Invalid Username" line="17">
<kw name="Login With Invalid Username" owner="LoginPage">
<kw name="Open OrangeHRM" owner="Browser">
<kw name="New Browser" owner="Browser">
<msg time="2025-09-01T12:51:45.260007" level="INFO">{"browser": "chromium", "headless": true, "chromiumSandbox": false, "devtools": false, "handleSIGHUP": true, "handleSIGINT": true, "handleSIGTERM": true, "slowMo": 0.0, "timeout": 30000.0, "tracesDir": "C:\\Users\\user\\Documents\\orange\\robot-orangehrm\\qa-orangehrm-automation-fernando\\results\\browser\\traces\\temp\\590b7587-21cf-48b8-9688-3dcf26e5faef"}</msg>
<msg time="2025-09-01T12:51:45.396163" level="INFO">Successfully created browser with options: {"browser":"chromium","headless":true,"chromiumSandbox":false,"devtools":false,"handleSIGHUP":true,"handleSIGINT":true,"handleSIGTERM":true,"slowMo":0,"timeout":30000,"tracesDir":"C:\\Users\\user\\Documents\\orange\\robot-orangehrm\\qa-orangehrm-automation-fernando\\results\\browser\\traces\\temp\\590b7587-21cf-48b8-9688-3dcf26e5faef"}</msg>
<arg>chromium</arg>
<arg>headless=${true}</arg>
<tag>BrowserControl</tag>
<tag>Setter</tag>
<doc>Create a new playwright Browser with specified options.</doc>
<status status="PASS" start="2025-09-01T12:51:45.259373" elapsed="0.137066"/>
</kw>
<kw name="New Context" owner="Browser">
<msg time="2025-09-01T12:51:45.398857" level="INFO">{
  "acceptDownloads": true,
  "bypassCSP": false,
  "forcedColors": "none",
  "ignoreHTTPSErrors": false,
  "javaScriptEnabled": true,
  "offline": false,
  "reducedMotion": "no-preference",
  "serviceWorkers": "allow",
  "viewport": {
    "width": 1280,
    "height": 720
  }
}</msg>
<msg time="2025-09-01T12:51:45.408436" level="INFO">Successfully created context. </msg>
<msg time="2025-09-01T12:51:45.408793" level="INFO">{'acceptDownloads': True, 'bypassCSP': False, 'forcedColors': 'none', 'ignoreHTTPSErrors': False, 'javaScriptEnabled': True, 'offline': False, 'reducedMotion': 'no-preference', 'serviceWorkers': 'allow', 'viewport': {'width': 1280, 'height': 720}}</msg>
<tag>BrowserControl</tag>
<tag>Setter</tag>
<doc>Create a new BrowserContext with specified options.</doc>
<status status="PASS" start="2025-09-01T12:51:45.396747" elapsed="0.012203"/>
</kw>
<kw name="New Page" owner="Browser">
<msg time="2025-09-01T12:51:48.088285" level="INFO">Successfully initialized new page object and opened url: https://opensource-demo.orangehrmlive.com</msg>
<arg>${URL}</arg>
<tag>BrowserControl</tag>
<tag>Setter</tag>
<doc>Open a new Page.</doc>
<status status="PASS" start="2025-09-01T12:51:45.409274" elapsed="2.679187"/>
</kw>
<kw name="Set Browser Timeout" owner="Browser">
<arg>10s</arg>
<tag>Config</tag>
<tag>Setter</tag>
<doc>Sets the timeout used by most input and getter keywords.</doc>
<status status="PASS" start="2025-09-01T12:51:48.088620" elapsed="0.000509"/>
</kw>
<status status="PASS" start="2025-09-01T12:51:45.259099" elapsed="2.830103"/>
</kw>
<kw name="Fill Text" owner="Browser">
<msg time="2025-09-01T12:51:48.089650" level="INFO">Fills the text 'wronguser' in the given field.</msg>
<arg>input[name="username"]</arg>
<arg>${invalid_user}</arg>
<tag>PageContent</tag>
<tag>Setter</tag>
<doc>Clears and fills the given ``txt`` into the text field found by ``selector``.</doc>
<status status="PASS" start="2025-09-01T12:51:48.089297" elapsed="0.429314"/>
</kw>
<kw name="Fill Text" owner="Browser">
<msg time="2025-09-01T12:51:48.519331" level="INFO">Fills the text 'admin123' in the given field.</msg>
<arg>input[name="password"]</arg>
<arg>${PASSWORD}</arg>
<tag>PageContent</tag>
<tag>Setter</tag>
<doc>Clears and fills the given ``txt`` into the text field found by ``selector``.</doc>
<status status="PASS" start="2025-09-01T12:51:48.518794" elapsed="0.013850"/>
</kw>
<kw name="Click" owner="Browser">
<msg time="2025-09-01T12:51:48.533451" level="INFO">Clicks the element 'button[type="submit"]'.</msg>
<arg>button[type="submit"]</arg>
<tag>PageContent</tag>
<tag>Setter</tag>
<doc>Simulates mouse click on the element found by ``selector``.</doc>
<status status="PASS" start="2025-09-01T12:51:48.532903" elapsed="0.881947"/>
</kw>
<kw name="Wait For Elements State" owner="Browser">
<msg time="2025-09-01T12:51:49.786535" level="INFO">Waited for Element with selector div.oxd-alert-content--error at state visible</msg>
<arg>div.oxd-alert-content--error</arg>
<arg>visible</arg>
<tag>PageContent</tag>
<tag>Wait</tag>
<doc>Waits for the element found by ``selector`` to satisfy state option.</doc>
<status status="PASS" start="2025-09-01T12:51:49.415063" elapsed="0.371743"/>
</kw>
<kw name="Get Text" owner="Browser">
<msg time="2025-09-01T12:51:49.817452" level="INFO">Text: 'Invalid credentials'</msg>
<msg time="2025-09-01T12:51:49.817593" level="INFO">${error} = Invalid credentials</msg>
<var>${error}</var>
<arg>div.oxd-alert-content--error</arg>
<tag>Assertion</tag>
<tag>Getter</tag>
<tag>PageContent</tag>
<doc>Returns text attribute of the element found by ``selector``.</doc>
<status status="PASS" start="2025-09-01T12:51:49.786977" elapsed="0.030644"/>
</kw>
<kw name="Should Be Equal" owner="BuiltIn">
<arg>${error}</arg>
<arg>${LOGIN_ERROR_MSG}</arg>
<doc>Fails if the given objects are unequal.</doc>
<status status="PASS" start="2025-09-01T12:51:49.817803" elapsed="0.000283"/>
</kw>
<status status="PASS" start="2025-09-01T12:51:45.258636" elapsed="4.559520"/>
</kw>
<kw name="Close OrangeHRM" owner="Browser" type="TEARDOWN">
<kw name="Close Browser" owner="Browser">
<msg time="2025-09-01T12:51:49.898515" level="INFO">Closed browser</msg>
<tag>BrowserControl</tag>
<tag>Setter</tag>
<doc>Closes the current browser.</doc>
<status status="PASS" start="2025-09-01T12:51:49.819314" elapsed="0.079357"/>
</kw>
<status status="PASS" start="2025-09-01T12:51:49.818749" elapsed="0.080030"/>
</kw>
<doc>Testa login com usuário inválido</doc>
<status status="PASS" start="2025-09-01T12:51:45.256246" elapsed="4.642702"/>
</test>
<test id="s1-s2-t3" name="Login Invalid Password" line="22">
<kw name="Login With Invalid Password" owner="LoginPage">
<kw name="Open OrangeHRM" owner="Browser">
<kw name="New Browser" owner="Browser">
<msg time="2025-09-01T12:51:49.904666" level="INFO">{"browser": "chromium", "headless": true, "chromiumSandbox": false, "devtools": false, "handleSIGHUP": true, "handleSIGINT": true, "handleSIGTERM": true, "slowMo": 0.0, "timeout": 30000.0, "tracesDir": "C:\\Users\\user\\Documents\\orange\\robot-orangehrm\\qa-orangehrm-automation-fernando\\results\\browser\\traces\\temp\\45727735-9841-41a9-a695-ffd1104afab1"}</msg>
<msg time="2025-09-01T12:51:50.038850" level="INFO">Successfully created browser with options: {"browser":"chromium","headless":true,"chromiumSandbox":false,"devtools":false,"handleSIGHUP":true,"handleSIGINT":true,"handleSIGTERM":true,"slowMo":0,"timeout":30000,"tracesDir":"C:\\Users\\user\\Documents\\orange\\robot-orangehrm\\qa-orangehrm-automation-fernando\\results\\browser\\traces\\temp\\45727735-9841-41a9-a695-ffd1104afab1"}</msg>
<arg>chromium</arg>
<arg>headless=${true}</arg>
<tag>BrowserControl</tag>
<tag>Setter</tag>
<doc>Create a new playwright Browser with specified options.</doc>
<status status="PASS" start="2025-09-01T12:51:49.904061" elapsed="0.135085"/>
</kw>
<kw name="New Context" owner="Browser">
<msg time="2025-09-01T12:51:50.041927" level="INFO">{
  "acceptDownloads": true,
  "bypassCSP": false,
  "forcedColors": "none",
  "ignoreHTTPSErrors": false,
  "javaScriptEnabled": true,
  "offline": false,
  "reducedMotion": "no-preference",
  "serviceWorkers": "allow",
  "viewport": {
    "width": 1280,
    "height": 720
  }
}</msg>
<msg time="2025-09-01T12:51:50.051273" level="INFO">Successfully created context. </msg>
<msg time="2025-09-01T12:51:50.051403" level="INFO">{'acceptDownloads': True, 'bypassCSP': False, 'forcedColors': 'none', 'ignoreHTTPSErrors': False, 'javaScriptEnabled': True, 'offline': False, 'reducedMotion': 'no-preference', 'serviceWorkers': 'allow', 'viewport': {'width': 1280, 'height': 720}}</msg>
<tag>BrowserControl</tag>
<tag>Setter</tag>
<doc>Create a new BrowserContext with specified options.</doc>
<status status="PASS" start="2025-09-01T12:51:50.039500" elapsed="0.012034"/>
</kw>
<kw name="New Page" owner="Browser">
<msg time="2025-09-01T12:51:52.455366" level="INFO">Successfully initialized new page object and opened url: https://opensource-demo.orangehrmlive.com</msg>
<arg>${URL}</arg>
<tag>BrowserControl</tag>
<tag>Setter</tag>
<doc>Open a new Page.</doc>
<status status="PASS" start="2025-09-01T12:51:50.051970" elapsed="2.403578"/>
</kw>
<kw name="Set Browser Timeout" owner="Browser">
<arg>10s</arg>
<tag>Config</tag>
<tag>Setter</tag>
<doc>Sets the timeout used by most input and getter keywords.</doc>
<status status="PASS" start="2025-09-01T12:51:52.455704" elapsed="0.000498"/>
</kw>
<status status="PASS" start="2025-09-01T12:51:49.903783" elapsed="2.552494"/>
</kw>
<kw name="Fill Text" owner="Browser">
<msg time="2025-09-01T12:51:52.456723" level="INFO">Fills the text 'admin' in the given field.</msg>
<arg>input[name="username"]</arg>
<arg>${USERNAME}</arg>
<tag>PageContent</tag>
<tag>Setter</tag>
<doc>Clears and fills the given ``txt`` into the text field found by ``selector``.</doc>
<status status="PASS" start="2025-09-01T12:51:52.456368" elapsed="0.381781"/>
</kw>
<kw name="Fill Text" owner="Browser">
<msg time="2025-09-01T12:51:52.838836" level="INFO">Fills the text 'wrongpass' in the given field.</msg>
<arg>input[name="password"]</arg>
<arg>${invalid_pass}</arg>
<tag>PageContent</tag>
<tag>Setter</tag>
<doc>Clears and fills the given ``txt`` into the text field found by ``selector``.</doc>
<status status="PASS" start="2025-09-01T12:51:52.838332" elapsed="0.013684"/>
</kw>
<kw name="Click" owner="Browser">
<msg time="2025-09-01T12:51:52.852745" level="INFO">Clicks the element 'button[type="submit"]'.</msg>
<arg>button[type="submit"]</arg>
<tag>PageContent</tag>
<tag>Setter</tag>
<doc>Simulates mouse click on the element found by ``selector``.</doc>
<status status="PASS" start="2025-09-01T12:51:52.852197" elapsed="1.231977"/>
</kw>
<kw name="Wait For Elements State" owner="Browser">
<msg time="2025-09-01T12:51:54.458786" level="INFO">Waited for Element with selector div.oxd-alert-content--error at state visible</msg>
<arg>div.oxd-alert-content--error</arg>
<arg>visible</arg>
<tag>PageContent</tag>
<tag>Wait</tag>
<doc>Waits for the element found by ``selector`` to satisfy state option.</doc>
<status status="PASS" start="2025-09-01T12:51:54.084387" elapsed="0.374652"/>
</kw>
<kw name="Get Text" owner="Browser">
<msg time="2025-09-01T12:51:54.487209" level="INFO">Text: 'Invalid credentials'</msg>
<msg time="2025-09-01T12:51:54.487339" level="INFO">${error} = Invalid credentials</msg>
<var>${error}</var>
<arg>div.oxd-alert-content--error</arg>
<tag>Assertion</tag>
<tag>Getter</tag>
<tag>PageContent</tag>
<doc>Returns text attribute of the element found by ``selector``.</doc>
<status status="PASS" start="2025-09-01T12:51:54.459220" elapsed="0.028146"/>
</kw>
<kw name="Should Be Equal" owner="BuiltIn">
<arg>${error}</arg>
<arg>${LOGIN_ERROR_MSG}</arg>
<doc>Fails if the given objects are unequal.</doc>
<status status="PASS" start="2025-09-01T12:51:54.487518" elapsed="0.000277"/>
</kw>
<status status="PASS" start="2025-09-01T12:51:49.903361" elapsed="4.584505"/>
</kw>
<kw name="Close OrangeHRM" owner="Browser" type="TEARDOWN">
<kw name="Close Browser" owner="Browser">
<msg time="2025-09-01T12:51:54.562016" level="INFO">Closed browser</msg>
<tag>BrowserControl</tag>
<tag>Setter</tag>
<doc>Closes the current browser.</doc>
<status status="PASS" start="2025-09-01T12:51:54.489016" elapsed="0.073160"/>
</kw>
<status status="PASS" start="2025-09-01T12:51:54.488446" elapsed="0.073859"/>
</kw>
<doc>Testa login com senha inválida</doc>
<status status="PASS" start="2025-09-01T12:51:49.901234" elapsed="4.661262"/>
</test>
<test id="s1-s2-t4" name="Login Empty Fields" line="27">
<kw name="Login With Empty Fields" owner="LoginPage">
<kw name="Open OrangeHRM" owner="Browser">
<kw name="New Browser" owner="Browser">
<msg time="2025-09-01T12:51:54.568883" level="INFO">{"browser": "chromium", "headless": true, "chromiumSandbox": false, "devtools": false, "handleSIGHUP": true, "handleSIGINT": true, "handleSIGTERM": true, "slowMo": 0.0, "timeout": 30000.0, "tracesDir": "C:\\Users\\user\\Documents\\orange\\robot-orangehrm\\qa-orangehrm-automation-fernando\\results\\browser\\traces\\temp\\017d9f71-94c7-4645-97e6-6cc3c90809d0"}</msg>
<msg time="2025-09-01T12:51:54.713641" level="INFO">Successfully created browser with options: {"browser":"chromium","headless":true,"chromiumSandbox":false,"devtools":false,"handleSIGHUP":true,"handleSIGINT":true,"handleSIGTERM":true,"slowMo":0,"timeout":30000,"tracesDir":"C:\\Users\\user\\Documents\\orange\\robot-orangehrm\\qa-orangehrm-automation-fernando\\results\\browser\\traces\\temp\\017d9f71-94c7-4645-97e6-6cc3c90809d0"}</msg>
<arg>chromium</arg>
<arg>headless=${true}</arg>
<tag>BrowserControl</tag>
<tag>Setter</tag>
<doc>Create a new playwright Browser with specified options.</doc>
<status status="PASS" start="2025-09-01T12:51:54.568235" elapsed="0.145693"/>
</kw>
<kw name="New Context" owner="Browser">
<msg time="2025-09-01T12:51:54.716567" level="INFO">{
  "acceptDownloads": true,
  "bypassCSP": false,
  "forcedColors": "none",
  "ignoreHTTPSErrors": false,
  "javaScriptEnabled": true,
  "offline": false,
  "reducedMotion": "no-preference",
  "serviceWorkers": "allow",
  "viewport": {
    "width": 1280,
    "height": 720
  }
}</msg>
<msg time="2025-09-01T12:51:54.726783" level="INFO">Successfully created context. </msg>
<msg time="2025-09-01T12:51:54.726924" level="INFO">{'acceptDownloads': True, 'bypassCSP': False, 'forcedColors': 'none', 'ignoreHTTPSErrors': False, 'javaScriptEnabled': True, 'offline': False, 'reducedMotion': 'no-preference', 'serviceWorkers': 'allow', 'viewport': {'width': 1280, 'height': 720}}</msg>
<tag>BrowserControl</tag>
<tag>Setter</tag>
<doc>Create a new BrowserContext with specified options.</doc>
<status status="PASS" start="2025-09-01T12:51:54.714280" elapsed="0.012764"/>
</kw>
<kw name="New Page" owner="Browser">
<msg time="2025-09-01T12:51:57.414439" level="INFO">Successfully initialized new page object and opened url: https://opensource-demo.orangehrmlive.com</msg>
<arg>${URL}</arg>
<tag>BrowserControl</tag>
<tag>Setter</tag>
<doc>Open a new Page.</doc>
<status status="PASS" start="2025-09-01T12:51:54.727315" elapsed="2.687297"/>
</kw>
<kw name="Set Browser Timeout" owner="Browser">
<arg>10s</arg>
<tag>Config</tag>
<tag>Setter</tag>
<doc>Sets the timeout used by most input and getter keywords.</doc>
<status status="PASS" start="2025-09-01T12:51:57.414780" elapsed="0.000497"/>
</kw>
<status status="PASS" start="2025-09-01T12:51:54.567977" elapsed="2.847376"/>
</kw>
<kw name="Click" owner="Browser">
<msg time="2025-09-01T12:51:57.415792" level="INFO">Clicks the element 'button[type="submit"]'.</msg>
<arg>button[type="submit"]</arg>
<tag>PageContent</tag>
<tag>Setter</tag>
<doc>Simulates mouse click on the element found by ``selector``.</doc>
<status status="PASS" start="2025-09-01T12:51:57.415446" elapsed="0.413615"/>
</kw>
<kw name="Wait For Elements State" owner="Browser">
<msg time="2025-09-01T12:51:57.837008" level="INFO">Waited for Element with selector css=input[name='username'] &gt;&gt; xpath=../following-sibling::span[contains(@class,'oxd-input-field-error-message')] at state visible</msg>
<arg>css=input[name='username'] &gt;&gt; xpath=../following-sibling::span[contains(@class,'oxd-input-field-error-message')]</arg>
<arg>visible</arg>
<tag>PageContent</tag>
<tag>Wait</tag>
<doc>Waits for the element found by ``selector`` to satisfy state option.</doc>
<status status="PASS" start="2025-09-01T12:51:57.829247" elapsed="0.007924"/>
</kw>
<kw name="Get Text" owner="Browser">
<msg time="2025-09-01T12:51:57.862966" level="INFO">Text: 'Required'</msg>
<msg time="2025-09-01T12:51:57.863114" level="INFO">${username_error} = Required</msg>
<var>${username_error}</var>
<arg>css=input[name='username'] &gt;&gt; xpath=../following-sibling::span[contains(@class,'oxd-input-field-error-message')]</arg>
<tag>Assertion</tag>
<tag>Getter</tag>
<tag>PageContent</tag>
<doc>Returns text attribute of the element found by ``selector``.</doc>
<status status="PASS" start="2025-09-01T12:51:57.837340" elapsed="0.025802"/>
</kw>
<kw name="Should Be Equal" owner="BuiltIn">
<arg>${username_error}</arg>
<arg>Required</arg>
<doc>Fails if the given objects are unequal.</doc>
<status status="PASS" start="2025-09-01T12:51:57.863312" elapsed="0.000290"/>
</kw>
<kw name="Wait For Elements State" owner="Browser">
<msg time="2025-09-01T12:51:57.870014" level="INFO">Waited for Element with selector css=input[name='password'] &gt;&gt; xpath=../following-sibling::span[contains(@class,'oxd-input-field-error-message')] at state visible</msg>
<arg>css=input[name='password'] &gt;&gt; xpath=../following-sibling::span[contains(@class,'oxd-input-field-error-message')]</arg>
<arg>visible</arg>
<tag>PageContent</tag>
<tag>Wait</tag>
<doc>Waits for the element found by ``selector`` to satisfy state option.</doc>
<status status="PASS" start="2025-09-01T12:51:57.863728" elapsed="0.006466"/>
</kw>
<kw name="Get Text" owner="Browser">
<msg time="2025-09-01T12:51:57.887942" level="INFO">Text: 'Required'</msg>
<msg time="2025-09-01T12:51:57.888086" level="INFO">${password_error} = Required</msg>
<var>${password_error}</var>
<arg>css=input[name='password'] &gt;&gt; xpath=../following-sibling::span[contains(@class,'oxd-input-field-error-message')]</arg>
<tag>Assertion</tag>
<tag>Getter</tag>
<tag>PageContent</tag>
<doc>Returns text attribute of the element found by ``selector``.</doc>
<status status="PASS" start="2025-09-01T12:51:57.870364" elapsed="0.017751"/>
</kw>
<kw name="Should Be Equal" owner="BuiltIn">
<arg>${password_error}</arg>
<arg>Required</arg>
<doc>Fails if the given objects are unequal.</doc>
<status status="PASS" start="2025-09-01T12:51:57.888417" elapsed="0.000289"/>
</kw>
<status status="PASS" start="2025-09-01T12:51:54.567588" elapsed="3.321197"/>
</kw>
<kw name="Close OrangeHRM" owner="Browser" type="TEARDOWN">
<kw name="Close Browser" owner="Browser">
<msg time="2025-09-01T12:51:57.971761" level="INFO">Closed browser</msg>
<tag>BrowserControl</tag>
<tag>Setter</tag>
<doc>Closes the current browser.</doc>
<status status="PASS" start="2025-09-01T12:51:57.889429" elapsed="0.082500"/>
</kw>
<status status="PASS" start="2025-09-01T12:51:57.889115" elapsed="0.082919"/>
</kw>
<doc>Testa login sem preencher usuário e senha</doc>
<status status="PASS" start="2025-09-01T12:51:54.565427" elapsed="3.406849"/>
</test>
<status status="PASS" start="2025-09-01T12:51:40.395583" elapsed="17.579010"/>
</suite>
<suite id="s1-s3" name="Search Employee Test" source="C:\Users\user\Documents\orange\robot-orangehrm\qa-orangehrm-automation-fernando\tests\search_employee_test.robot">
<test id="s1-s3-t1" name="Search For Employee" line="7">
<kw name="Login With Valid Credentials" owner="LoginPage">
<kw name="Open OrangeHRM" owner="Browser">
<kw name="New Browser" owner="Browser">
<msg time="2025-09-01T12:51:58.039676" level="INFO">{"browser": "chromium", "headless": true, "chromiumSandbox": false, "devtools": false, "handleSIGHUP": true, "handleSIGINT": true, "handleSIGTERM": true, "slowMo": 0.0, "timeout": 30000.0, "tracesDir": "C:\\Users\\user\\Documents\\orange\\robot-orangehrm\\qa-orangehrm-automation-fernando\\results\\browser\\traces\\temp\\a1a8937d-2c7d-4295-8d44-678094feb095"}</msg>
<msg time="2025-09-01T12:51:58.182555" level="INFO">Successfully created browser with options: {"browser":"chromium","headless":true,"chromiumSandbox":false,"devtools":false,"handleSIGHUP":true,"handleSIGINT":true,"handleSIGTERM":true,"slowMo":0,"timeout":30000,"tracesDir":"C:\\Users\\user\\Documents\\orange\\robot-orangehrm\\qa-orangehrm-automation-fernando\\results\\browser\\traces\\temp\\a1a8937d-2c7d-4295-8d44-678094feb095"}</msg>
<arg>chromium</arg>
<arg>headless=${true}</arg>
<tag>BrowserControl</tag>
<tag>Setter</tag>
<doc>Create a new playwright Browser with specified options.</doc>
<status status="PASS" start="2025-09-01T12:51:58.038918" elapsed="0.143941"/>
</kw>
<kw name="New Context" owner="Browser">
<msg time="2025-09-01T12:51:58.185635" level="INFO">{
  "acceptDownloads": true,
  "bypassCSP": false,
  "forcedColors": "none",
  "ignoreHTTPSErrors": false,
  "javaScriptEnabled": true,
  "offline": false,
  "reducedMotion": "no-preference",
  "serviceWorkers": "allow",
  "viewport": {
    "width": 1280,
    "height": 720
  }
}</msg>
<msg time="2025-09-01T12:51:58.195120" level="INFO">Successfully created context. </msg>
<msg time="2025-09-01T12:51:58.195291" level="INFO">{'acceptDownloads': True, 'bypassCSP': False, 'forcedColors': 'none', 'ignoreHTTPSErrors': False, 'javaScriptEnabled': True, 'offline': False, 'reducedMotion': 'no-preference', 'serviceWorkers': 'allow', 'viewport': {'width': 1280, 'height': 720}}</msg>
<tag>BrowserControl</tag>
<tag>Setter</tag>
<doc>Create a new BrowserContext with specified options.</doc>
<status status="PASS" start="2025-09-01T12:51:58.183220" elapsed="0.012222"/>
</kw>
<kw name="New Page" owner="Browser">
<msg time="2025-09-01T12:52:00.814233" level="INFO">Successfully initialized new page object and opened url: https://opensource-demo.orangehrmlive.com</msg>
<arg>${URL}</arg>
<tag>BrowserControl</tag>
<tag>Setter</tag>
<doc>Open a new Page.</doc>
<status status="PASS" start="2025-09-01T12:51:58.195741" elapsed="2.618762"/>
</kw>
<kw name="Set Browser Timeout" owner="Browser">
<arg>10s</arg>
<tag>Config</tag>
<tag>Setter</tag>
<doc>Sets the timeout used by most input and getter keywords.</doc>
<status status="PASS" start="2025-09-01T12:52:00.814686" elapsed="0.000596"/>
</kw>
<status status="PASS" start="2025-09-01T12:51:58.038635" elapsed="2.776739"/>
</kw>
<kw name="Fill Text" owner="Browser">
<msg time="2025-09-01T12:52:00.815963" level="INFO">Fills the text 'admin' in the given field.</msg>
<arg>input[name="username"]</arg>
<arg>${USERNAME}</arg>
<tag>PageContent</tag>
<tag>Setter</tag>
<doc>Clears and fills the given ``txt`` into the text field found by ``selector``.</doc>
<status status="PASS" start="2025-09-01T12:52:00.815492" elapsed="0.387137"/>
</kw>
<kw name="Fill Text" owner="Browser">
<msg time="2025-09-01T12:52:01.203420" level="INFO">Fills the text 'admin123' in the given field.</msg>
<arg>input[name="password"]</arg>
<arg>${PASSWORD}</arg>
<tag>PageContent</tag>
<tag>Setter</tag>
<doc>Clears and fills the given ``txt`` into the text field found by ``selector``.</doc>
<status status="PASS" start="2025-09-01T12:52:01.202840" elapsed="0.012016"/>
</kw>
<kw name="Click" owner="Browser">
<msg time="2025-09-01T12:52:01.215805" level="INFO">Clicks the element 'button[type="submit"]'.</msg>
<arg>button[type="submit"]</arg>
<tag>PageContent</tag>
<tag>Setter</tag>
<doc>Simulates mouse click on the element found by ``selector``.</doc>
<status status="PASS" start="2025-09-01T12:52:01.215188" elapsed="1.224531"/>
</kw>
<kw name="Wait For Elements State" owner="Browser">
<msg time="2025-09-01T12:52:02.821275" level="INFO">Waited for Element with selector h6:has-text("Dashboard") at state visible</msg>
<arg>h6:has-text("Dashboard")</arg>
<arg>visible</arg>
<tag>PageContent</tag>
<tag>Wait</tag>
<doc>Waits for the element found by ``selector`` to satisfy state option.</doc>
<status status="PASS" start="2025-09-01T12:52:02.439901" elapsed="0.381535"/>
</kw>
<status status="PASS" start="2025-09-01T12:51:58.038196" elapsed="4.783346"/>
</kw>
<kw name="Search Employee" owner="PIMPage">
<kw name="Go To PIM" owner="PIMPage">
<kw name="Click" owner="Browser">
<msg time="2025-09-01T12:52:02.823168" level="INFO">Clicks the element 'text=PIM'.</msg>
<arg>text=PIM</arg>
<tag>PageContent</tag>
<tag>Setter</tag>
<doc>Simulates mouse click on the element found by ``selector``.</doc>
<status status="PASS" start="2025-09-01T12:52:02.822783" elapsed="0.959355"/>
</kw>
<kw name="Wait For Elements State" owner="Browser">
<msg time="2025-09-01T12:52:04.140135" level="INFO">Waited for Element with selector text=Employee Information at state visible</msg>
<arg>text=Employee Information</arg>
<arg>visible</arg>
<tag>PageContent</tag>
<tag>Wait</tag>
<doc>Waits for the element found by ``selector`` to satisfy state option.</doc>
<status status="PASS" start="2025-09-01T12:52:03.782426" elapsed="0.357887"/>
</kw>
<status status="PASS" start="2025-09-01T12:52:02.822512" elapsed="1.317906"/>
</kw>
<kw name="Fill Text" owner="Browser">
<msg time="2025-09-01T12:52:04.140986" level="INFO">Fills the text 'John' in the given field.</msg>
<arg>//label[text()="Employee Name"]/../following-sibling::div//input</arg>
<arg>John</arg>
<tag>PageContent</tag>
<tag>Setter</tag>
<doc>Clears and fills the given ``txt`` into the text field found by ``selector``.</doc>
<status status="PASS" start="2025-09-01T12:52:04.140536" elapsed="0.017387"/>
</kw>
<kw name="Click" owner="Browser">
<msg time="2025-09-01T12:52:04.158522" level="INFO">Clicks the element 'button:has-text("Search")'.</msg>
<arg>button:has-text("Search")</arg>
<tag>PageContent</tag>
<tag>Setter</tag>
<doc>Simulates mouse click on the element found by ``selector``.</doc>
<status status="PASS" start="2025-09-01T12:52:04.158101" elapsed="0.052424"/>
</kw>
<kw name="Click" owner="Browser">
<msg time="2025-09-01T12:52:04.211199" level="INFO">Clicks the element 'text=John Doe &gt;&gt; nth=0'.</msg>
<arg>text=John Doe &gt;&gt; nth=0</arg>
<tag>PageContent</tag>
<tag>Setter</tag>
<doc>Simulates mouse click on the element found by ``selector``.</doc>
<status status="PASS" start="2025-09-01T12:52:04.210709" elapsed="1.196352"/>
</kw>
<kw name="Wait For Elements State" owner="Browser">
<msg time="2025-09-01T12:52:06.806801" level="INFO">Waited for Element with selector text=John Doe &gt;&gt; nth=0 at state visible</msg>
<arg>text=John Doe &gt;&gt; nth=0</arg>
<arg>visible</arg>
<tag>PageContent</tag>
<tag>Wait</tag>
<doc>Waits for the element found by ``selector`` to satisfy state option.</doc>
<status status="PASS" start="2025-09-01T12:52:05.407268" elapsed="1.399796"/>
</kw>
<status status="PASS" start="2025-09-01T12:52:02.822123" elapsed="3.985041"/>
</kw>
<kw name="Close OrangeHRM" owner="Browser" type="TEARDOWN">
<kw name="Close Browser" owner="Browser">
<msg time="2025-09-01T12:52:06.876491" level="INFO">Closed browser</msg>
<tag>BrowserControl</tag>
<tag>Setter</tag>
<doc>Closes the current browser.</doc>
<status status="PASS" start="2025-09-01T12:52:06.808369" elapsed="0.068331"/>
</kw>
<status status="PASS" start="2025-09-01T12:52:06.807754" elapsed="0.069075"/>
</kw>
<status status="PASS" start="2025-09-01T12:51:58.035471" elapsed="8.841596"/>
</test>
<status status="PASS" start="2025-09-01T12:51:58.024032" elapsed="8.856012"/>
</suite>
<status status="PASS" start="2025-09-01T12:51:24.114973" elapsed="42.800601"/>
</suite>
<statistics>
<total>
<stat pass="6" fail="0" skip="0">All Tests</stat>
</total>
<tag>
</tag>
<suite>
<stat name="Tests" id="s1" pass="6" fail="0" skip="0">Tests</stat>
<stat name="Add Employee Test" id="s1-s1" pass="1" fail="0" skip="0">Tests.Add Employee Test</stat>
<stat name="Login Test" id="s1-s2" pass="4" fail="0" skip="0">Tests.Login Test</stat>
<stat name="Search Employee Test" id="s1-s3" pass="1" fail="0" skip="0">Tests.Search Employee Test</stat>
</suite>
</statistics>
<errors>
</errors>
</robot>
